build/app/intermediates/manifest_merge_blame_file/debug/manifest-merger-blame-debug-report.txt
1<?xml version="1.0" encoding="utf-8"?>
2<manifest xmlns:android="http://schemas.android.com/apk/res/android"
3    package="com.dicoding.dicoding_news_app"
4    android:versionCode="1"
5    android:versionName="1.0.0" >
6
7    <uses-sdk
8        android:minSdkVersion="20"
9        android:targetSdkVersion="31" />
10    <!--
11         The INTERNET permission is required for development. Specifically,
12         the Flutter tool needs it to communicate with the running application
13         to allow setting breakpoints, to provide hot reload, etc.
14    -->
15    <uses-permission android:name="android.permission.INTERNET" />
15-->src/debug/AndroidManifest.xml:7:5-66
15-->src/debug/AndroidManifest.xml:7:22-64
16    <uses-permission android:name="android.permission.RECEIVE_BOOT_COMPLETED" />
16-->src/main/AndroidManifest.xml:3:5-80
16-->src/main/AndroidManifest.xml:3:22-78
17    <uses-permission android:name="android.permission.WAKE_LOCK" /> <!-- For apps with targetSDK=31 (Android 12) -->
17-->src/main/AndroidManifest.xml:4:5-67
17-->src/main/AndroidManifest.xml:4:22-65
18    <uses-permission android:name="android.permission.SCHEDULE_EXACT_ALARM" />
18-->src/main/AndroidManifest.xml:6:5-79
18-->src/main/AndroidManifest.xml:6:22-76
19    <uses-permission android:name="android.permission.VIBRATE" />
19-->[:flutter_local_notifications] AndroidManifest.xml:10:5-66
19-->[:flutter_local_notifications] AndroidManifest.xml:10:22-63
20    <uses-permission android:name="android.permission.USE_FULL_SCREEN_INTENT" />
20-->[:flutter_local_notifications] AndroidManifest.xml:11:5-81
20-->[:flutter_local_notifications] AndroidManifest.xml:11:22-78
21    <uses-permission android:name="android.permission.POST_NOTIFICATIONS" />
21-->[:flutter_local_notifications] AndroidManifest.xml:13:5-77
21-->[:flutter_local_notifications] AndroidManifest.xml:13:22-74
22
23    <application
24        android:name="android.app.Application"
25        android:appComponentFactory="androidx.core.app.CoreComponentFactory"
25-->[androidx.core:core:1.6.0] AndroidManifest.xml:24:18-86
26        android:debuggable="true"
27        android:icon="@mipmap/ic_launcher"
28        android:label="dicoding_news_app" >
29        <activity
30            android:name="com.dicoding.dicoding_news_app.MainActivity"
31            android:configChanges="orientation|keyboardHidden|keyboard|screenSize|smallestScreenSize|locale|layoutDirection|fontScale|screenLayout|density|uiMode"
32            android:exported="true"
33            android:hardwareAccelerated="true"
34            android:launchMode="singleTop"
35            android:theme="@style/LaunchTheme"
36            android:windowSoftInputMode="adjustResize" >
37
38            <!--
39                 Specifies an Android theme to apply to this Activity as soon as
40                 the Android process has started. This theme is visible to the user
41                 while the Flutter UI initializes. After that, this theme continues
42                 to determine the Window background behind the Flutter UI.
43            -->
44            <meta-data
45                android:name="io.flutter.embedding.android.NormalTheme"
46                android:resource="@style/NormalTheme" />
47
48            <intent-filter>
49                <action android:name="android.intent.action.MAIN" />
50
51                <category android:name="android.intent.category.LAUNCHER" />
52            </intent-filter>
53        </activity>
54
55        <service
56            android:name="dev.fluttercommunity.plus.androidalarmmanager.AlarmService"
57            android:exported="false"
58            android:permission="android.permission.BIND_JOB_SERVICE" />
59
60        <receiver
61            android:name="dev.fluttercommunity.plus.androidalarmmanager.AlarmBroadcastReceiver"
62            android:exported="false" />
63        <receiver
64            android:name="dev.fluttercommunity.plus.androidalarmmanager.RebootBroadcastReceiver"
65            android:enabled="false"
66            android:exported="false" >
67            <intent-filter>
68                <action android:name="android.intent.action.BOOT_COMPLETED" />
68-->[:flutter_local_notifications] AndroidManifest.xml:26:17-79
68-->[:flutter_local_notifications] AndroidManifest.xml:26:25-76
69            </intent-filter>
70        </receiver>
71        <!--
72             Don't delete the meta-data below.
73             This is used by the Flutter tool to generate GeneratedPluginRegistrant.java
74        -->
75        <meta-data
76            android:name="flutterEmbedding"
77            android:value="2" />
78
79        <receiver
79-->[:flutter_local_notifications] AndroidManifest.xml:16:9-18:40
80            android:name="com.dexterous.flutterlocalnotifications.ActionBroadcastReceiver"
80-->[:flutter_local_notifications] AndroidManifest.xml:17:13-91
81            android:exported="false" />
81-->[:flutter_local_notifications] AndroidManifest.xml:18:13-37
82        <receiver
82-->[:flutter_local_notifications] AndroidManifest.xml:19:9-21:40
83            android:name="com.dexterous.flutterlocalnotifications.ScheduledNotificationReceiver"
83-->[:flutter_local_notifications] AndroidManifest.xml:20:13-97
84            android:exported="false" />
84-->[:flutter_local_notifications] AndroidManifest.xml:21:13-37
85        <receiver
85-->[:flutter_local_notifications] AndroidManifest.xml:22:9-31:20
86            android:name="com.dexterous.flutterlocalnotifications.ScheduledNotificationBootReceiver"
86-->[:flutter_local_notifications] AndroidManifest.xml:23:13-101
87            android:exported="false" >
87-->[:flutter_local_notifications] AndroidManifest.xml:24:13-37
88            <intent-filter>
88-->[:flutter_local_notifications] AndroidManifest.xml:25:13-30:29
89                <action android:name="android.intent.action.BOOT_COMPLETED" />
89-->[:flutter_local_notifications] AndroidManifest.xml:26:17-79
89-->[:flutter_local_notifications] AndroidManifest.xml:26:25-76
90                <action android:name="android.intent.action.MY_PACKAGE_REPLACED" />
90-->[:flutter_local_notifications] AndroidManifest.xml:27:17-84
90-->[:flutter_local_notifications] AndroidManifest.xml:27:25-81
91                <action android:name="android.intent.action.QUICKBOOT_POWERON" />
91-->[:flutter_local_notifications] AndroidManifest.xml:28:17-82
91-->[:flutter_local_notifications] AndroidManifest.xml:28:25-79
92                <action android:name="com.htc.intent.action.QUICKBOOT_POWERON" />
92-->[:flutter_local_notifications] AndroidManifest.xml:29:17-82
92-->[:flutter_local_notifications] AndroidManifest.xml:29:25-79
93            </intent-filter>
94        </receiver>
95
96        <uses-library
96-->[androidx.window:window:1.0.0-beta04] AndroidManifest.xml:25:9-27:40
97            android:name="androidx.window.extensions"
97-->[androidx.window:window:1.0.0-beta04] AndroidManifest.xml:26:13-54
98            android:required="false" />
98-->[androidx.window:window:1.0.0-beta04] AndroidManifest.xml:27:13-37
99        <uses-library
99-->[androidx.window:window:1.0.0-beta04] AndroidManifest.xml:28:9-30:40
100            android:name="androidx.window.sidecar"
100-->[androidx.window:window:1.0.0-beta04] AndroidManifest.xml:29:13-51
101            android:required="false" />
101-->[androidx.window:window:1.0.0-beta04] AndroidManifest.xml:30:13-37
102    </application>
103
104</manifest>